0+000000#DBG@loader::21 libraries to check
0+000000#DBG@loader::Loading [./algorithms//cleaning_agg.dll]
0+000000#WRN@core::[experimental_cleaning_agg] <--> {cleanedimage}
0+000000#DBG@loader::Loading [./algorithms//cleaning_skip.dll]
0+000000#WRN@core::[cleaning_skip] <--> {cleanedimage}
0+000000#DBG@loader::Loading [./algorithms//cropping_manual.dll]
0+000000#WRN@core::[cropping_manual] <--> {croppedimage}
0+000000#DBG@loader::Loading [./algorithms//cropping_skip.dll]
0+000000#WRN@core::[cropping_skip] <--> {croppedimage}
0+000000#DBG@loader::Loading [./algorithms//features_skeleton.dll]
0+000000#WRN@core::[features_skeleton_v2] <--> {averagerootwidthx2feature}; {depthfeature}; {lengthdistrfeature}; {maxwidthfeature}; {specificrootlengthfeature}; {surfaceareafeature}; {totallengthfeature}; {volumefeature}; {widthdepthratiofeature}
0+000000#DBG@loader::Loading [./algorithms//feature_components.dll]
0+000000#WRN@core::[feature_components] <--> {ccomponentscountfeature}
0+000000#DBG@loader::Loading [./algorithms//feature_ellipseaxes.dll]
0+000000#WRN@core::[feature_ellipse_axes] <--> {ellipseaxesaspectratiofeature}; {majorellipseaxesfeature}; {minorellipseaxesfeature}
0+000000#DBG@loader::Loading [./algorithms//feature_networkareas.dll]
0+000000#WRN@core::[feature_network_areas] <--> {networkareafeature}; {networkconvexareafeature}; {solidityfeature}
0+000000#DBG@loader::Loading [./algorithms//feature_numberofroots.dll]
0+000000#WRN@core::[feature_roots_number] <--> {bushinessfeature}; {maximumnumberofrootsfeature}; {mediannumberofrootsfeature}
0+000000#DBG@loader::Loading [./algorithms//feature_perimeter.dll]
0+000000#WRN@core::[feature_perimeter] <--> {perimeterfeature}
0+000000#DBG@loader::Loading [./algorithms//preparation_color2gray.dll]
0+000000#WRN@core::[preparation_color_2_gray] <--> {grayimage}
0+000000#DBG@loader::Loading [./algorithms//thinning_binary.dll]
0+000000#WRN@core::[thinning_binary] <--> {thinnedimage}
0+000000#DBG@loader::Loading [./algorithms//thresholding_adaptive.dll]
0+000000#WRN@core::[thresholding_adaptive] <--> {thresholdedimage}
0+000000#DBG@loader::Loading [./algorithms//thresholding_doubleadaptive.dll]
0+000000#WRN@core::[thresholding_double_adaptive] <--> {thresholdedimage}
0+000000#DBG@loader::Loading [./algorithms//thresholding_global.dll]
0+000000#WRN@core::[thresholding_global] <--> {thresholdedimage}
0+000000#DBG@loader::Loading [./algorithms//transform_aggregate.dll]
0+000000#WRN@core::Transform [transform_aggregate]
0+000000#DBG@loader::Loading [./algorithms//transform_aggregate2.dll]
0+000000#WRN@core::Transform [transform_aggregate2]
0+000000#DBG@loader::Loading [./algorithms//transform_manual.dll]
0+000000#WRN@core::Transform [transform_manual_cropping]
0+000000#DBG@loader::Loading [./algorithms//transform_rotation.dll]
0+000000#WRN@core::Transform [transform_rotation]
0+000000#DBG@loader::Loading [./algorithms//transform_scaling.dll]
0+000000#WRN@core::Transform [transform_scaling]
0+000000#DBG@loader::Loading [./algorithms//transform_setscale.dll]
0+000000#WRN@core::Transform [transform_setscale]
0+000000#REP@loader::(15)total; known types: averagerootwidthx2feature;bushinessfeature;ccomponentscountfeature;cleanedimage;croppedimage;depthfeature;ellipseaxesaspectratiofeature;grayimage;lengthdistrfeature;majorellipseaxesfeature;maximumnumberofrootsfeature;maxwidthfeature;mediannumberofrootsfeature;minorellipseaxesfeature;networkareafeature;networkconvexareafeature;perimeterfeature;solidityfeature;specificrootlengthfeature;surfaceareafeature;thinnedimage;thresholdedimage;totallengthfeature;volumefeature;widthdepthratiofeature
0+000000#DBG@loader::21 libraries to check
0+000000#DBG@loader::Loading [algorithms//cleaning_agg.dll]
0+000000#WRN@core::[experimental_cleaning_agg] <--> {cleanedimage}
0+000000#DBG@loader::Loading [algorithms//cleaning_skip.dll]
0+000000#WRN@core::[cleaning_skip] <--> {cleanedimage}
0+000000#DBG@loader::Loading [algorithms//cropping_manual.dll]
0+000000#WRN@core::[cropping_manual] <--> {croppedimage}
0+000000#DBG@loader::Loading [algorithms//cropping_skip.dll]
0+000000#WRN@core::[cropping_skip] <--> {croppedimage}
0+000000#DBG@loader::Loading [algorithms//features_skeleton.dll]
0+000000#WRN@core::[features_skeleton_v2] <--> {averagerootwidthx2feature}; {depthfeature}; {lengthdistrfeature}; {maxwidthfeature}; {specificrootlengthfeature}; {surfaceareafeature}; {totallengthfeature}; {volumefeature}; {widthdepthratiofeature}
0+000000#DBG@loader::Loading [algorithms//feature_components.dll]
0+000000#WRN@core::[feature_components] <--> {ccomponentscountfeature}
0+000000#DBG@loader::Loading [algorithms//feature_ellipseaxes.dll]
0+000000#WRN@core::[feature_ellipse_axes] <--> {ellipseaxesaspectratiofeature}; {majorellipseaxesfeature}; {minorellipseaxesfeature}
0+000000#DBG@loader::Loading [algorithms//feature_networkareas.dll]
0+000000#WRN@core::[feature_network_areas] <--> {networkareafeature}; {networkconvexareafeature}; {solidityfeature}
0+000000#DBG@loader::Loading [algorithms//feature_numberofroots.dll]
0+000000#WRN@core::[feature_roots_number] <--> {bushinessfeature}; {maximumnumberofrootsfeature}; {mediannumberofrootsfeature}
0+000000#DBG@loader::Loading [algorithms//feature_perimeter.dll]
0+000000#WRN@core::[feature_perimeter] <--> {perimeterfeature}
0+000000#DBG@loader::Loading [algorithms//preparation_color2gray.dll]
0+000000#WRN@core::[preparation_color_2_gray] <--> {grayimage}
0+000000#DBG@loader::Loading [algorithms//thinning_binary.dll]
0+000000#WRN@core::[thinning_binary] <--> {thinnedimage}
0+000000#DBG@loader::Loading [algorithms//thresholding_adaptive.dll]
0+000000#WRN@core::[thresholding_adaptive] <--> {thresholdedimage}
0+000000#DBG@loader::Loading [algorithms//thresholding_doubleadaptive.dll]
0+000000#WRN@core::[thresholding_double_adaptive] <--> {thresholdedimage}
0+000000#DBG@loader::Loading [algorithms//thresholding_global.dll]
0+000000#WRN@core::[thresholding_global] <--> {thresholdedimage}
0+000000#DBG@loader::Loading [algorithms//transform_aggregate.dll]
0+000000#WRN@core::Transform [transform_aggregate]
0+000000#DBG@loader::Loading [algorithms//transform_aggregate2.dll]
0+000000#WRN@core::Transform [transform_aggregate2]
0+000000#DBG@loader::Loading [algorithms//transform_manual.dll]
0+000000#WRN@core::Transform [transform_manual_cropping]
0+000000#DBG@loader::Loading [algorithms//transform_rotation.dll]
0+000000#WRN@core::Transform [transform_rotation]
0+000000#DBG@loader::Loading [algorithms//transform_scaling.dll]
0+000000#WRN@core::Transform [transform_scaling]
0+000000#DBG@loader::Loading [algorithms//transform_setscale.dll]
0+000000#WRN@core::Transform [transform_setscale]
0+000000#REP@loader::(15)total; known types: averagerootwidthx2feature;bushinessfeature;ccomponentscountfeature;cleanedimage;croppedimage;depthfeature;ellipseaxesaspectratiofeature;grayimage;lengthdistrfeature;majorellipseaxesfeature;maximumnumberofrootsfeature;maxwidthfeature;mediannumberofrootsfeature;minorellipseaxesfeature;networkareafeature;networkconvexareafeature;perimeterfeature;solidityfeature;specificrootlengthfeature;surfaceareafeature;thinnedimage;thresholdedimage;totallengthfeature;volumefeature;widthdepthratiofeature
0+000000#ERR@session::Algorithm id [cleaning_agg] not found
0+000000#ERR@session::Algorithm id [thinning_grayscale] not found
0+000000#ERR@session::Algorithm id [Rolling Paraboloid] not found
0+000000#INF@gui::Algorithms page update
0+000015#DBG@xml_storage::Connecting to (C:/Users/Ashik Saha/Desktop/GIA ROOTS/project.xml)...
0+000017#INF@gui::Datas page open
0+000023#DBG@cleanedimage::(IMG-S3-NP038.jpg_cleanedimage_schfqy04k.png) loaded;dim=[3094x4092];ch=[3];depth=[8]
0+000034#DBG@cleanedimage::(IMG-S3-NP039.jpg_cleanedimage_schfr804o.png) loaded;dim=[3811x4722];ch=[3];depth=[8]
0+000043#DBG@cleanedimage::(IMG-S3-NP040.jpg_cleanedimage_schfra04s.png) loaded;dim=[3811x4722];ch=[3];depth=[8]
0+000054#DBG@cleanedimage::(IMG-S3-NP041.jpg_cleanedimage_schfrs04w.png) loaded;dim=[4554x4722];ch=[3];depth=[8]
0+000066#DBG@cleanedimage::(IMG-S3-NP042.jpg_cleanedimage_schfs2050.png) loaded;dim=[4554x4722];ch=[3];depth=[8]
0+000073#DBG@cleanedimage::(IMG-S3-NP043.jpg_cleanedimage_schfsg054.png) loaded;dim=[3723x2896];ch=[3];depth=[8]
0+000079#DBG@cleanedimage::(IMG-S3-NP044.jpg_cleanedimage_schfsi058.png) loaded;dim=[3723x2896];ch=[3];depth=[8]
0+000084#DBG@cleanedimage::(IMG-S3-NP045.jpg_cleanedimage_schfsq05c.png) loaded;dim=[2352x2896];ch=[3];depth=[8]
0+000088#DBG@cleanedimage::(IMG-S3-NP046.jpg_cleanedimage_schfst05g.png) loaded;dim=[2352x2896];ch=[3];depth=[8]
0+000098#DBG@croppedimage::(IMG-S3-NP001.jpg_croppedimage_schfir00n.png) loaded;dim=[4554x5339];ch=[3];depth=[8]
0+000111#DBG@croppedimage::(IMG-S3-NP002.jpg_croppedimage_schfit00t.png) loaded;dim=[4554x5339];ch=[3];depth=[8]
0+000127#DBG@croppedimage::(IMG-S3-NP003.jpg_croppedimage_schfj600z.png) loaded;dim=[4554x3903];ch=[3];depth=[8]
0+000136#DBG@croppedimage::(IMG-S3-NP004.jpg_croppedimage_schfjf015.png) loaded;dim=[4554x3903];ch=[3];depth=[8]
0+000146#DBG@croppedimage::(IMG-S3-NP005.jpg_croppedimage_schfjn01b.png) loaded;dim=[4554x3903];ch=[3];depth=[8]
0+000155#DBG@croppedimage::(IMG-S3-NP006.jpg_croppedimage_schfjr01h.png) loaded;dim=[4554x3903];ch=[3];depth=[8]
0+000166#DBG@croppedimage::(IMG-S3-NP007.jpg_croppedimage_schfjy01n.png) loaded;dim=[4554x3903];ch=[3];depth=[8]
0+000175#DBG@croppedimage::(IMG-S3-NP008.jpg_croppedimage_schfkb01t.png) loaded;dim=[4554x3903];ch=[3];depth=[8]
0+000188#DBG@croppedimage::(IMG-S3-NP009.jpg_croppedimage_schfkh01z.png) loaded;dim=[4793x4835];ch=[3];depth=[8]
0+000199#DBG@croppedimage::(IMG-S3-NP010.jpg_croppedimage_schfkq025.png) loaded;dim=[4793x4835];ch=[3];depth=[8]
0+000213#DBG@croppedimage::(IMG-S3-NP011.jpg_croppedimage_schfl302b.png) loaded;dim=[4793x4835];ch=[3];depth=[8]
0+000225#DBG@croppedimage::(IMG-S3-NP012.jpg_croppedimage_schfla02h.png) loaded;dim=[4793x4835];ch=[3];depth=[8]
0+000235#DBG@croppedimage::(IMG-S3-NP013.jpg_croppedimage_schflj02n.png) loaded;dim=[3535x3437];ch=[3];depth=[8]
0+000243#DBG@croppedimage::(IMG-S3-NP014.jpg_croppedimage_schflu02t.png) loaded;dim=[3535x3437];ch=[3];depth=[8]
0+000250#DBG@croppedimage::(IMG-S3-NP015.jpg_croppedimage_schfly02z.png) loaded;dim=[3535x3437];ch=[3];depth=[8]
0+000259#DBG@croppedimage::(IMG-S3-NP016.jpg_croppedimage_schfm5035.png) loaded;dim=[3535x3437];ch=[3];depth=[8]
0+000271#DBG@croppedimage::(IMG-S3-NP017.jpg_croppedimage_schfmb03b.png) loaded;dim=[4252x4747];ch=[3];depth=[8]
0+000282#DBG@croppedimage::(IMG-S3-NP018.jpg_croppedimage_schfmi03h.png) loaded;dim=[4252x4747];ch=[3];depth=[8]
0+000295#DBG@croppedimage::(IMG-S3-NP019.jpg_croppedimage_schfmz03n.png) loaded;dim=[3761x4747];ch=[3];depth=[8]
0+000304#DBG@croppedimage::(IMG-S3-NP020.jpg_croppedimage_schfn603t.png) loaded;dim=[3761x4747];ch=[3];depth=[8]
0+000312#DBG@croppedimage::(IMG-S3-NP021.jpg_croppedimage_schfng03z.png) loaded;dim=[3346x2858];ch=[3];depth=[8]
0+000320#DBG@croppedimage::(IMG-S3-NP022.jpg_croppedimage_schfni045.png) loaded;dim=[3346x2858];ch=[3];depth=[8]
0+000326#DBG@croppedimage::(IMG-S3-NP023.jpg_croppedimage_schfno04b.png) loaded;dim=[3421x2858];ch=[3];depth=[8]
0+000331#DBG@croppedimage::(IMG-S3-NP024.jpg_croppedimage_schfnt04h.png) loaded;dim=[3421x2858];ch=[3];depth=[8]
0+000346#DBG@croppedimage::(IMG-S3-NP025.jpg_croppedimage_schfo104n.png) loaded;dim=[4264x4621];ch=[3];depth=[8]
0+000355#DBG@croppedimage::(IMG-S3-NP026.jpg_croppedimage_schfo604t.png) loaded;dim=[4264x4621];ch=[3];depth=[8]
0+000365#DBG@croppedimage::(IMG-S3-NP027.jpg_croppedimage_schfon04z.png) loaded;dim=[4264x3702];ch=[3];depth=[8]
0+000373#DBG@croppedimage::(IMG-S3-NP028.jpg_croppedimage_schfow055.png) loaded;dim=[4264x3702];ch=[3];depth=[8]
0+000382#DBG@croppedimage::(IMG-S3-NP029.jpg_croppedimage_schfp805b.png) loaded;dim=[3824x3551];ch=[3];depth=[8]
0+000389#DBG@croppedimage::(IMG-S3-NP030.jpg_croppedimage_schfpc05h.png) loaded;dim=[3824x3551];ch=[3];depth=[8]
0+000403#DBG@croppedimage::(IMG-S3-NP031.jpg_croppedimage_schfpn05n.png) loaded;dim=[5044x5024];ch=[3];depth=[8]
0+000415#DBG@croppedimage::(IMG-S3-NP032.jpg_croppedimage_schfpv05t.png) loaded;dim=[5044x5024];ch=[3];depth=[8]
0+000422#DBG@croppedimage::(IMG-S3-NP033.jpg_croppedimage_schfqd05z.png) loaded;dim=[2264x2442];ch=[3];depth=[8]
0+000425#DBG@croppedimage::(IMG-S3-NP034.jpg_croppedimage_schfqi065.png) loaded;dim=[2264x2442];ch=[3];depth=[8]
0+000431#DBG@croppedimage::(IMG-S3-NP035.jpg_croppedimage_schfqj06b.png) loaded;dim=[2943x3211];ch=[3];depth=[8]
0+000437#DBG@croppedimage::(IMG-S3-NP036.jpg_croppedimage_schfqn06h.png) loaded;dim=[2943x3211];ch=[3];depth=[8]
0+000444#DBG@croppedimage::(IMG-S3-NP037.jpg_croppedimage_schfqv06n.png) loaded;dim=[3094x4092];ch=[3];depth=[8]
0+000451#DBG@croppedimage::(IMG-S3-NP038.jpg_croppedimage_schfqz06t.png) loaded;dim=[3094x4092];ch=[3];depth=[8]
0+000462#DBG@croppedimage::(IMG-S3-NP039.jpg_croppedimage_schfr906z.png) loaded;dim=[3811x4722];ch=[3];depth=[8]
0+000471#DBG@croppedimage::(IMG-S3-NP040.jpg_croppedimage_schfrd075.png) loaded;dim=[3811x4722];ch=[3];depth=[8]
0+000483#DBG@croppedimage::(IMG-S3-NP041.jpg_croppedimage_schfrt07b.png) loaded;dim=[4554x4722];ch=[3];depth=[8]
0+000494#DBG@croppedimage::(IMG-S3-NP042.jpg_croppedimage_schfs307h.png) loaded;dim=[4554x4722];ch=[3];depth=[8]
0+000503#DBG@croppedimage::(IMG-S3-NP043.jpg_croppedimage_schfsg07n.png) loaded;dim=[3723x2896];ch=[3];depth=[8]
0+000510#DBG@croppedimage::(IMG-S3-NP044.jpg_croppedimage_schfsi07t.png) loaded;dim=[3723x2896];ch=[3];depth=[8]
0+000515#DBG@croppedimage::(IMG-S3-NP045.jpg_croppedimage_schfsq07z.png) loaded;dim=[2352x2896];ch=[3];depth=[8]
0+000520#DBG@croppedimage::(IMG-S3-NP046.jpg_croppedimage_schfst085.png) loaded;dim=[2352x2896];ch=[3];depth=[8]
0+000525#DBG@grayimage::(IMG-S3-NP001.jpg_grayimage_schfiu00m.png) loaded;dim=[4554x5339];ch=[1];depth=[8]
0+000532#DBG@grayimage::(IMG-S3-NP002.jpg_grayimage_schfiu00k.png) loaded;dim=[4554x5339];ch=[1];depth=[8]
0+000537#DBG@grayimage::(IMG-S3-NP003.jpg_grayimage_schfj900q.png) loaded;dim=[4554x3903];ch=[1];depth=[8]
0+000541#DBG@grayimage::(IMG-S3-NP004.jpg_grayimage_schfjh00u.png) loaded;dim=[4554x3903];ch=[1];depth=[8]
0+000544#DBG@grayimage::(IMG-S3-NP005.jpg_grayimage_schfjp00y.png) loaded;dim=[4554x3903];ch=[1];depth=[8]
0+000550#DBG@grayimage::(IMG-S3-NP006.jpg_grayimage_schfju012.png) loaded;dim=[4554x3903];ch=[1];depth=[8]
0+000555#DBG@grayimage::(IMG-S3-NP007.jpg_grayimage_schfk0016.png) loaded;dim=[4554x3903];ch=[1];depth=[8]
0+000559#DBG@grayimage::(IMG-S3-NP008.jpg_grayimage_schfkc01a.png) loaded;dim=[4554x3903];ch=[1];depth=[8]
0+000565#DBG@grayimage::(IMG-S3-NP009.jpg_grayimage_schfkk01e.png) loaded;dim=[4793x4835];ch=[1];depth=[8]
0+000570#DBG@grayimage::(IMG-S3-NP010.jpg_grayimage_schfkr01i.png) loaded;dim=[4793x4835];ch=[1];depth=[8]
0+000578#DBG@grayimage::(IMG-S3-NP011.jpg_grayimage_schfl501m.png) loaded;dim=[4793x4835];ch=[1];depth=[8]
0+000584#DBG@grayimage::(IMG-S3-NP012.jpg_grayimage_schflc01q.png) loaded;dim=[4793x4835];ch=[1];depth=[8]
0+000587#DBG@grayimage::(IMG-S3-NP013.jpg_grayimage_schfll01u.png) loaded;dim=[3535x3437];ch=[1];depth=[8]
0+000591#DBG@grayimage::(IMG-S3-NP014.jpg_grayimage_schflw01y.png) loaded;dim=[3535x3437];ch=[1];depth=[8]
0+000594#DBG@grayimage::(IMG-S3-NP015.jpg_grayimage_schflz022.png) loaded;dim=[3535x3437];ch=[1];depth=[8]
0+000598#DBG@grayimage::(IMG-S3-NP016.jpg_grayimage_schfm7026.png) loaded;dim=[3535x3437];ch=[1];depth=[8]
0+000605#DBG@grayimage::(IMG-S3-NP017.jpg_grayimage_schfmd02a.png) loaded;dim=[4252x4747];ch=[1];depth=[8]
0+000611#DBG@grayimage::(IMG-S3-NP018.jpg_grayimage_schfmk02e.png) loaded;dim=[4252x4747];ch=[1];depth=[8]
0+000617#DBG@grayimage::(IMG-S3-NP019.jpg_grayimage_schfn102i.png) loaded;dim=[3761x4747];ch=[1];depth=[8]
0+000621#DBG@grayimage::(IMG-S3-NP020.jpg_grayimage_schfn802m.png) loaded;dim=[3761x4747];ch=[1];depth=[8]
0+000624#DBG@grayimage::(IMG-S3-NP021.jpg_grayimage_schfni02q.png) loaded;dim=[3346x2858];ch=[1];depth=[8]
0+000627#DBG@grayimage::(IMG-S3-NP022.jpg_grayimage_schfnj02u.png) loaded;dim=[3346x2858];ch=[1];depth=[8]
0+000630#DBG@grayimage::(IMG-S3-NP023.jpg_grayimage_schfnq02y.png) loaded;dim=[3421x2858];ch=[1];depth=[8]
0+000633#DBG@grayimage::(IMG-S3-NP024.jpg_grayimage_schfnt032.png) loaded;dim=[3421x2858];ch=[1];depth=[8]
0+000634#INF@gui::Parameters page opened
0+000639#DBG@grayimage::(IMG-S3-NP025.jpg_grayimage_schfo6036.png) loaded;dim=[4264x4621];ch=[1];depth=[8]
0+000644#DBG@grayimage::(IMG-S3-NP026.jpg_grayimage_schfo803a.png) loaded;dim=[4264x4621];ch=[1];depth=[8]
0+000648#DBG@grayimage::(IMG-S3-NP027.jpg_grayimage_schfoo03e.png) loaded;dim=[4264x3702];ch=[1];depth=[8]
0+000652#DBG@grayimage::(IMG-S3-NP028.jpg_grayimage_schfox03i.png) loaded;dim=[4264x3702];ch=[1];depth=[8]
0+000655#DBG@grayimage::(IMG-S3-NP029.jpg_grayimage_schfp903m.png) loaded;dim=[3824x3551];ch=[1];depth=[8]
0+000658#DBG@grayimage::(IMG-S3-NP030.jpg_grayimage_schfpd03q.png) loaded;dim=[3824x3551];ch=[1];depth=[8]
0+000665#DBG@grayimage::(IMG-S3-NP031.jpg_grayimage_schfpp03u.png) loaded;dim=[5044x5024];ch=[1];depth=[8]
0+000672#DBG@grayimage::(IMG-S3-NP032.jpg_grayimage_schfpx03y.png) loaded;dim=[5044x5024];ch=[1];depth=[8]
0+000675#DBG@grayimage::(IMG-S3-NP033.jpg_grayimage_schfqe042.png) loaded;dim=[2264x2442];ch=[1];depth=[8]
0+000677#DBG@grayimage::(IMG-S3-NP034.jpg_grayimage_schfqj046.png) loaded;dim=[2264x2442];ch=[1];depth=[8]
0+000679#DBG@grayimage::(IMG-S3-NP035.jpg_grayimage_schfqk04a.png) loaded;dim=[2943x3211];ch=[1];depth=[8]
0+000681#DBG@grayimage::(IMG-S3-NP036.jpg_grayimage_schfqq04e.png) loaded;dim=[2943x3211];ch=[1];depth=[8]
0+000684#DBG@grayimage::(IMG-S3-NP037.jpg_grayimage_schfqw04i.png) loaded;dim=[3094x4092];ch=[1];depth=[8]
0+000687#DBG@grayimage::(IMG-S3-NP038.jpg_grayimage_schfr004m.png) loaded;dim=[3094x4092];ch=[1];depth=[8]
0+000691#DBG@grayimage::(IMG-S3-NP039.jpg_grayimage_schfrd04s.png) loaded;dim=[3811x4722];ch=[1];depth=[8]
0+000695#DBG@grayimage::(IMG-S3-NP040.jpg_grayimage_schfre04u.png) loaded;dim=[3811x4722];ch=[1];depth=[8]
0+000703#DBG@grayimage::(IMG-S3-NP041.jpg_grayimage_schfru04y.png) loaded;dim=[4554x4722];ch=[1];depth=[8]
0+000707#DBG@grayimage::(IMG-S3-NP042.jpg_grayimage_schfs5052.png) loaded;dim=[4554x4722];ch=[1];depth=[8]
0+000710#INF@gui::Datas page open
0+000711#DBG@grayimage::(IMG-S3-NP043.jpg_grayimage_schfsi056.png) loaded;dim=[3723x2896];ch=[1];depth=[8]
0+000714#DBG@grayimage::(IMG-S3-NP044.jpg_grayimage_schfsj05a.png) loaded;dim=[3723x2896];ch=[1];depth=[8]
0+000716#DBG@grayimage::(IMG-S3-NP045.jpg_grayimage_schfsq05e.png) loaded;dim=[2352x2896];ch=[1];depth=[8]
0+000717#DBG@grayimage::(IMG-S3-NP046.jpg_grayimage_schfsu05i.png) loaded;dim=[2352x2896];ch=[1];depth=[8]
0+000721#DBG@thinnedimage::(IMG-S3-NP001.jpg_thinnedimage_schfiz00c.png) loaded;dim=[4554x5339];ch=[1];depth=[8]
0+000726#DBG@thinnedimage::(IMG-S3-NP002.jpg_thinnedimage_schfj200e.png) loaded;dim=[4554x5339];ch=[1];depth=[8]
0+000732#DBG@thinnedimage::(IMG-S3-NP003.jpg_thinnedimage_schfjf00i.png) loaded;dim=[4554x3903];ch=[1];depth=[8]
0+000736#DBG@thinnedimage::(IMG-S3-NP004.jpg_thinnedimage_schfjl00m.png) loaded;dim=[4554x3903];ch=[1];depth=[8]
0+000739#DBG@thinnedimage::(IMG-S3-NP005.jpg_thinnedimage_schfjs00q.png) loaded;dim=[4554x3903];ch=[1];depth=[8]
0+000742#DBG@thinnedimage::(IMG-S3-NP006.jpg_thinnedimage_schfk200u.png) loaded;dim=[4554x3903];ch=[1];depth=[8]
0+000746#DBG@thinnedimage::(IMG-S3-NP007.jpg_thinnedimage_schfk700y.png) loaded;dim=[4554x3903];ch=[1];depth=[8]
0+000750#DBG@thinnedimage::(IMG-S3-NP008.jpg_thinnedimage_schfkh012.png) loaded;dim=[4554x3903];ch=[1];depth=[8]
0+000754#DBG@thinnedimage::(IMG-S3-NP009.jpg_thinnedimage_schfkw01a.png) loaded;dim=[4793x4835];ch=[1];depth=[8]
0+000759#DBG@thinnedimage::(IMG-S3-NP010.jpg_thinnedimage_schfkv018.png) loaded;dim=[4793x4835];ch=[1];depth=[8]
0+000765#DBG@thinnedimage::(IMG-S3-NP011.jpg_thinnedimage_schfla01e.png) loaded;dim=[4793x4835];ch=[1];depth=[8]
0+000770#DBG@thinnedimage::(IMG-S3-NP012.jpg_thinnedimage_schfll01i.png) loaded;dim=[4793x4835];ch=[1];depth=[8]
0+000773#DBG@thinnedimage::(IMG-S3-NP013.jpg_thinnedimage_schflq01m.png) loaded;dim=[3535x3437];ch=[1];depth=[8]
0+000776#DBG@thinnedimage::(IMG-S3-NP014.jpg_thinnedimage_schfm101q.png) loaded;dim=[3535x3437];ch=[1];depth=[8]
0+000778#DBG@thinnedimage::(IMG-S3-NP015.jpg_thinnedimage_schfm401u.png) loaded;dim=[3535x3437];ch=[1];depth=[8]
0+000780#DBG@thinnedimage::(IMG-S3-NP016.jpg_thinnedimage_schfm901y.png) loaded;dim=[3535x3437];ch=[1];depth=[8]
0+000784#DBG@thinnedimage::(IMG-S3-NP017.jpg_thinnedimage_schfmr026.png) loaded;dim=[4252x4747];ch=[1];depth=[8]
0+000789#DBG@thinnedimage::(IMG-S3-NP018.jpg_thinnedimage_schfmq024.png) loaded;dim=[4252x4747];ch=[1];depth=[8]
0+000794#DBG@thinnedimage::(IMG-S3-NP019.jpg_thinnedimage_schfn902a.png) loaded;dim=[3761x4747];ch=[1];depth=[8]
0+000798#DBG@thinnedimage::(IMG-S3-NP020.jpg_thinnedimage_schfnc02e.png) loaded;dim=[3761x4747];ch=[1];depth=[8]
0+000800#DBG@thinnedimage::(IMG-S3-NP021.jpg_thinnedimage_schfnn02m.png) loaded;dim=[3346x2858];ch=[1];depth=[8]
0+000802#DBG@thinnedimage::(IMG-S3-NP022.jpg_thinnedimage_schfnl02k.png) loaded;dim=[3346x2858];ch=[1];depth=[8]
0+000804#DBG@thinnedimage::(IMG-S3-NP023.jpg_thinnedimage_schfnv02s.png) loaded;dim=[3421x2858];ch=[1];depth=[8]
0+000806#DBG@thinnedimage::(IMG-S3-NP024.jpg_thinnedimage_schfnx02u.png) loaded;dim=[3421x2858];ch=[1];depth=[8]
0+000809#DBG@thinnedimage::(IMG-S3-NP025.jpg_thinnedimage_schfoh032.png) loaded;dim=[4264x4621];ch=[1];depth=[8]
0+000813#DBG@thinnedimage::(IMG-S3-NP026.jpg_thinnedimage_schfoe030.png) loaded;dim=[4264x4621];ch=[1];depth=[8]
0+000817#DBG@thinnedimage::(IMG-S3-NP027.jpg_thinnedimage_schfoz038.png) loaded;dim=[4264x3702];ch=[1];depth=[8]
0+000821#DBG@thinnedimage::(IMG-S3-NP028.jpg_thinnedimage_schfp203a.png) loaded;dim=[4264x3702];ch=[1];depth=[8]
0+000826#DBG@thinnedimage::(IMG-S3-NP029.jpg_thinnedimage_schfph03i.png) loaded;dim=[3824x3551];ch=[1];depth=[8]
0+000829#DBG@thinnedimage::(IMG-S3-NP030.jpg_thinnedimage_schfpg03g.png) loaded;dim=[3824x3551];ch=[1];depth=[8]
0+000832#DBG@thinnedimage::(IMG-S3-NP031.jpg_thinnedimage_schfq403q.png) loaded;dim=[5044x5024];ch=[1];depth=[8]
0+000837#DBG@thinnedimage::(IMG-S3-NP032.jpg_thinnedimage_schfq303o.png) loaded;dim=[5044x5024];ch=[1];depth=[8]
0+000840#DBG@thinnedimage::(IMG-S3-NP033.jpg_thinnedimage_schfqg03u.png) loaded;dim=[2264x2442];ch=[1];depth=[8]
0+000841#DBG@thinnedimage::(IMG-S3-NP034.jpg_thinnedimage_schfql03y.png) loaded;dim=[2264x2442];ch=[1];depth=[8]
0+000843#DBG@thinnedimage::(IMG-S3-NP035.jpg_thinnedimage_schfqp042.png) loaded;dim=[2943x3211];ch=[1];depth=[8]
0+000845#DBG@thinnedimage::(IMG-S3-NP036.jpg_thinnedimage_schfqs046.png) loaded;dim=[2943x3211];ch=[1];depth=[8]
0+000847#DBG@thinnedimage::(IMG-S3-NP037.jpg_thinnedimage_schfr204c.png) loaded;dim=[3094x4092];ch=[1];depth=[8]
0+000850#DBG@thinnedimage::(IMG-S3-NP038.jpg_thinnedimage_schfr304e.png) loaded;dim=[3094x4092];ch=[1];depth=[8]
0+000855#DBG@thinnedimage::(IMG-S3-NP039.jpg_thinnedimage_schfro04m.png) loaded;dim=[3811x4722];ch=[1];depth=[8]
0+000859#DBG@thinnedimage::(IMG-S3-NP040.jpg_thinnedimage_schfrj04k.png) loaded;dim=[3811x4722];ch=[1];depth=[8]
0+000863#DBG@thinnedimage::(IMG-S3-NP041.jpg_thinnedimage_schfs604q.png) loaded;dim=[4554x4722];ch=[1];depth=[8]
0+000867#DBG@thinnedimage::(IMG-S3-NP042.jpg_thinnedimage_schfs904u.png) loaded;dim=[4554x4722];ch=[1];depth=[8]
0+000869#DBG@thinnedimage::(IMG-S3-NP043.jpg_thinnedimage_schfsn052.png) loaded;dim=[3723x2896];ch=[1];depth=[8]
0+000872#DBG@thinnedimage::(IMG-S3-NP044.jpg_thinnedimage_schfsl050.png) loaded;dim=[3723x2896];ch=[1];depth=[8]
0+000874#DBG@thinnedimage::(IMG-S3-NP045.jpg_thinnedimage_schfsw05a.png) loaded;dim=[2352x2896];ch=[1];depth=[8]
0+000875#DBG@thinnedimage::(IMG-S3-NP046.jpg_thinnedimage_schfsv058.png) loaded;dim=[2352x2896];ch=[1];depth=[8]
0+000879#DBG@thresholdedimage::(IMG-S3-NP001.jpg_thresholdedimage_schfiu00c.png) loaded;dim=[4554x5339];ch=[1];depth=[8]
0+000888#DBG@thresholdedimage::(IMG-S3-NP002.jpg_thresholdedimage_schfiw00e.png) loaded;dim=[4554x5339];ch=[1];depth=[8]
0+000894#DBG@thresholdedimage::(IMG-S3-NP003.jpg_thresholdedimage_schfja00i.png) loaded;dim=[4554x3903];ch=[1];depth=[8]
0+000898#DBG@thresholdedimage::(IMG-S3-NP004.jpg_thresholdedimage_schfji00m.png) loaded;dim=[4554x3903];ch=[1];depth=[8]
0+000901#DBG@thresholdedimage::(IMG-S3-NP005.jpg_thresholdedimage_schfjp00q.png) loaded;dim=[4554x3903];ch=[1];depth=[8]
0+000905#DBG@thresholdedimage::(IMG-S3-NP006.jpg_thresholdedimage_schfjx00u.png) loaded;dim=[4554x3903];ch=[1];depth=[8]
0+000908#DBG@thresholdedimage::(IMG-S3-NP007.jpg_thresholdedimage_schfk200y.png) loaded;dim=[4554x3903];ch=[1];depth=[8]
0+000914#DBG@thresholdedimage::(IMG-S3-NP008.jpg_thresholdedimage_schfke012.png) loaded;dim=[4554x3903];ch=[1];depth=[8]
0+000920#DBG@thresholdedimage::(IMG-S3-NP009.jpg_thresholdedimage_schfkn016.png) loaded;dim=[4793x4835];ch=[1];depth=[8]
0+000924#DBG@thresholdedimage::(IMG-S3-NP010.jpg_thresholdedimage_schfks01a.png) loaded;dim=[4793x4835];ch=[1];depth=[8]
0+000928#DBG@thresholdedimage::(IMG-S3-NP011.jpg_thresholdedimage_schfl501e.png) loaded;dim=[4793x4835];ch=[1];depth=[8]
0+000933#DBG@thresholdedimage::(IMG-S3-NP012.jpg_thresholdedimage_schflf01i.png) loaded;dim=[4793x4835];ch=[1];depth=[8]
0+000938#DBG@thresholdedimage::(IMG-S3-NP013.jpg_thresholdedimage_schflm01m.png) loaded;dim=[3535x3437];ch=[1];depth=[8]
0+000942#DBG@thresholdedimage::(IMG-S3-NP014.jpg_thresholdedimage_schflw01q.png) loaded;dim=[3535x3437];ch=[1];depth=[8]
0+000946#DBG@thresholdedimage::(IMG-S3-NP015.jpg_thresholdedimage_schfm001u.png) loaded;dim=[3535x3437];ch=[1];depth=[8]
0+000951#DBG@thresholdedimage::(IMG-S3-NP016.jpg_thresholdedimage_schfm701y.png) loaded;dim=[3535x3437];ch=[1];depth=[8]
0+000955#DBG@thresholdedimage::(IMG-S3-NP017.jpg_thresholdedimage_schfmf022.png) loaded;dim=[4252x4747];ch=[1];depth=[8]
0+000959#DBG@thresholdedimage::(IMG-S3-NP018.jpg_thresholdedimage_schfmm026.png) loaded;dim=[4252x4747];ch=[1];depth=[8]
0+000963#DBG@thresholdedimage::(IMG-S3-NP019.jpg_thresholdedimage_schfn302a.png) loaded;dim=[3761x4747];ch=[1];depth=[8]
0+000967#DBG@thresholdedimage::(IMG-S3-NP020.jpg_thresholdedimage_schfn902e.png) loaded;dim=[3761x4747];ch=[1];depth=[8]
0+000971#DBG@thresholdedimage::(IMG-S3-NP021.jpg_thresholdedimage_schfnk02m.png) loaded;dim=[3346x2858];ch=[1];depth=[8]
0+000973#DBG@thresholdedimage::(IMG-S3-NP022.jpg_thresholdedimage_schfnj02k.png) loaded;dim=[3346x2858];ch=[1];depth=[8]
0+000977#DBG@thresholdedimage::(IMG-S3-NP023.jpg_thresholdedimage_schfnr02q.png) loaded;dim=[3421x2858];ch=[1];depth=[8]
0+000980#DBG@thresholdedimage::(IMG-S3-NP024.jpg_thresholdedimage_schfnu02u.png) loaded;dim=[3421x2858];ch=[1];depth=[8]
0+000984#DBG@thresholdedimage::(IMG-S3-NP025.jpg_thresholdedimage_schfo802y.png) loaded;dim=[4264x4621];ch=[1];depth=[8]
0+000988#DBG@thresholdedimage::(IMG-S3-NP026.jpg_thresholdedimage_schfo9032.png) loaded;dim=[4264x4621];ch=[1];depth=[8]
0+000992#DBG@thresholdedimage::(IMG-S3-NP027.jpg_thresholdedimage_schfoq036.png) loaded;dim=[4264x3702];ch=[1];depth=[8]
0+000995#DBG@thresholdedimage::(IMG-S3-NP028.jpg_thresholdedimage_schfoz03a.png) loaded;dim=[4264x3702];ch=[1];depth=[8]
0+000998#DBG@thresholdedimage::(IMG-S3-NP029.jpg_thresholdedimage_schfpc03e.png) loaded;dim=[3824x3551];ch=[1];depth=[8]
0+001001#DBG@thresholdedimage::(IMG-S3-NP030.jpg_thresholdedimage_schfpe03i.png) loaded;dim=[3824x3551];ch=[1];depth=[8]
0+001006#DBG@thresholdedimage::(IMG-S3-NP031.jpg_thresholdedimage_schfpt03m.png) loaded;dim=[5044x5024];ch=[1];depth=[8]
0+001013#DBG@thresholdedimage::(IMG-S3-NP032.jpg_thresholdedimage_schfpy03q.png) loaded;dim=[5044x5024];ch=[1];depth=[8]
0+001016#DBG@thresholdedimage::(IMG-S3-NP033.jpg_thresholdedimage_schfqf03u.png) loaded;dim=[2264x2442];ch=[1];depth=[8]
0+001017#DBG@thresholdedimage::(IMG-S3-NP034.jpg_thresholdedimage_schfqk03y.png) loaded;dim=[2264x2442];ch=[1];depth=[8]
0+001019#DBG@thresholdedimage::(IMG-S3-NP035.jpg_thresholdedimage_schfqm042.png) loaded;dim=[2943x3211];ch=[1];depth=[8]
0+001021#DBG@thresholdedimage::(IMG-S3-NP036.jpg_thresholdedimage_schfqq046.png) loaded;dim=[2943x3211];ch=[1];depth=[8]
0+001024#DBG@thresholdedimage::(IMG-S3-NP037.jpg_thresholdedimage_schfqx04a.png) loaded;dim=[3094x4092];ch=[1];depth=[8]
0+001027#DBG@thresholdedimage::(IMG-S3-NP038.jpg_thresholdedimage_schfr004e.png) loaded;dim=[3094x4092];ch=[1];depth=[8]
0+001031#DBG@thresholdedimage::(IMG-S3-NP039.jpg_thresholdedimage_schfrg04m.png) loaded;dim=[3811x4722];ch=[1];depth=[8]
0+001038#DBG@thresholdedimage::(IMG-S3-NP040.jpg_thresholdedimage_schfrf04k.png) loaded;dim=[3811x4722];ch=[1];depth=[8]
0+001044#DBG@thresholdedimage::(IMG-S3-NP041.jpg_thresholdedimage_schfrx04q.png) loaded;dim=[4554x4722];ch=[1];depth=[8]
0+001048#DBG@thresholdedimage::(IMG-S3-NP042.jpg_thresholdedimage_schfs604u.png) loaded;dim=[4554x4722];ch=[1];depth=[8]
0+001051#DBG@thresholdedimage::(IMG-S3-NP043.jpg_thresholdedimage_schfsj04y.png) loaded;dim=[3723x2896];ch=[1];depth=[8]
0+001053#DBG@thresholdedimage::(IMG-S3-NP044.jpg_thresholdedimage_schfsj052.png) loaded;dim=[3723x2896];ch=[1];depth=[8]
0+001055#DBG@thresholdedimage::(IMG-S3-NP045.jpg_thresholdedimage_schfsr056.png) loaded;dim=[2352x2896];ch=[1];depth=[8]
0+001057#DBG@thresholdedimage::(IMG-S3-NP046.jpg_thresholdedimage_schfsu05a.png) loaded;dim=[2352x2896];ch=[1];depth=[8]
0+001344#DBG@csv_exporter::Writing (C:/Users/Ashik Saha/Desktop/giaroots_results1.csv)
0+001344#DBG@csv_exporter::Writing (C:/Users/Ashik Saha/Desktop/giaroots_results1.csv)
0+003134#INF@xml_storage::Writing (C:/Users/Ashik Saha/Desktop/GIA ROOTS/project.xml)
0+003136#REP@unloader::Algorithm libraries unloaded successfully.
0+003136#INF@core::Core freed successfully
